============================= test session starts ==============================
platform linux -- Python 3.12.3, pytest-9.0.2, pluggy-1.6.0 -- /usr/bin/python3
cachedir: .pytest_cache
rootdir: /home/runner/work/ensemble-anomaly-maps/ensemble-anomaly-maps
collecting ... collected 35 items

tests/test_physical_validation.py::test_load_scores_basic PASSED         [  2%]
tests/test_physical_validation.py::test_load_scores_with_residue_json PASSED [  5%]
tests/test_physical_validation.py::test_load_scores_missing_columns PASSED [  8%]
tests/test_physical_validation.py::test_load_scores_bad_residue_json PASSED [ 11%]
tests/test_physical_validation.py::test_select_top_frames_basic PASSED   [ 14%]
tests/test_physical_validation.py::test_select_top_frames_all_high PASSED [ 17%]
tests/test_physical_validation.py::test_select_top_frames_invalid_pct PASSED [ 20%]
tests/test_physical_validation.py::test_sample_background_frames_random PASSED [ 22%]
tests/test_physical_validation.py::test_sample_background_frames_low_anomaly PASSED [ 25%]
tests/test_physical_validation.py::test_sample_background_reproducibility PASSED [ 28%]
tests/test_physical_validation.py::test_sample_background_different_seed PASSED [ 31%]
tests/test_physical_validation.py::test_sample_background_custom_n PASSED [ 34%]
tests/test_physical_validation.py::test_compute_displacement_metrics_basic PASSED [ 37%]
tests/test_physical_validation.py::test_compute_displacement_ref_frame_is_zero PASSED [ 40%]
tests/test_physical_validation.py::test_compute_displacement_empty_frames PASSED [ 42%]
tests/test_physical_validation.py::test_compute_displacement_topk_clipped PASSED [ 45%]
tests/test_physical_validation.py::test_compute_contact_change_basic PASSED [ 48%]
tests/test_physical_validation.py::test_compute_contact_change_ref_is_zero PASSED [ 51%]
tests/test_physical_validation.py::test_compute_contact_change_empty PASSED [ 54%]
tests/test_physical_validation.py::test_compute_temporal_persistence_values PASSED [ 57%]
tests/test_physical_validation.py::test_compute_temporal_persistence_boundary PASSED [ 60%]
tests/test_physical_validation.py::test_compute_dihedral_change_no_mdtraj PASSED [ 62%]
tests/test_physical_validation.py::test_compute_dihedral_change_empty_frames PASSED [ 65%]
tests/test_physical_validation.py::test_summarize_group_differences_structure PASSED [ 68%]
tests/test_physical_validation.py::test_summarize_cohen_d_direction PASSED [ 71%]
tests/test_physical_validation.py::test_summarize_missing_metric PASSED  [ 74%]
tests/test_physical_validation.py::test_summarize_mannwhitney_present PASSED [ 77%]
tests/test_physical_validation.py::test_merge_metrics_group_flags PASSED [ 80%]
tests/test_physical_validation.py::test_merge_metrics_expected_columns PASSED [ 82%]
tests/test_physical_validation.py::test_save_outputs_creates_files PASSED [ 85%]
tests/test_physical_validation.py::test_save_outputs_csv_integrity PASSED [ 88%]
tests/test_physical_validation.py::test_save_outputs_json_config PASSED  [ 91%]
tests/test_physical_validation.py::test_save_outputs_creates_directory PASSED [ 94%]
tests/test_physical_validation.py::test_print_summary_no_crash PASSED    [ 97%]
tests/test_physical_validation.py::test_cli_help PASSED                  [100%]

- generated xml file: /home/runner/work/ensemble-anomaly-maps/ensemble-anomaly-maps/validation/test_results.xml -
============================== 35 passed in 1.32s ==============================
