<?xml version="1.0" encoding="utf-8"?><testsuites name="pytest tests"><testsuite name="pytest" errors="0" failures="0" skipped="0" tests="35" time="1.323" timestamp="2026-03-31T08:46:16.532351+00:00" hostname="runnervmrg6be"><testcase classname="tests.test_physical_validation" name="test_load_scores_basic" time="0.006" /><testcase classname="tests.test_physical_validation" name="test_load_scores_with_residue_json" time="0.003" /><testcase classname="tests.test_physical_validation" name="test_load_scores_missing_columns" time="0.002" /><testcase classname="tests.test_physical_validation" name="test_load_scores_bad_residue_json" time="0.002" /><testcase classname="tests.test_physical_validation" name="test_select_top_frames_basic" time="0.001" /><testcase classname="tests.test_physical_validation" name="test_select_top_frames_all_high" time="0.001" /><testcase classname="tests.test_physical_validation" name="test_select_top_frames_invalid_pct" time="0.001" /><testcase classname="tests.test_physical_validation" name="test_sample_background_frames_random" time="0.001" /><testcase classname="tests.test_physical_validation" name="test_sample_background_frames_low_anomaly" time="0.001" /><testcase classname="tests.test_physical_validation" name="test_sample_background_reproducibility" time="0.003" /><testcase classname="tests.test_physical_validation" name="test_sample_background_different_seed" time="0.001" /><testcase classname="tests.test_physical_validation" name="test_sample_background_custom_n" time="0.001" /><testcase classname="tests.test_physical_validation" name="test_compute_displacement_metrics_basic" time="0.001" /><testcase classname="tests.test_physical_validation" name="test_compute_displacement_ref_frame_is_zero" time="0.001" /><testcase classname="tests.test_physical_validation" name="test_compute_displacement_empty_frames" time="0.001" /><testcase classname="tests.test_physical_validation" name="test_compute_displacement_topk_clipped" time="0.001" /><testcase classname="tests.test_physical_validation" name="test_compute_contact_change_basic" time="0.001" /><testcase classname="tests.test_physical_validation" name="test_compute_contact_change_ref_is_zero" time="0.001" /><testcase classname="tests.test_physical_validation" name="test_compute_contact_change_empty" time="0.001" /><testcase classname="tests.test_physical_validation" name="test_compute_temporal_persistence_values" time="0.002" /><testcase classname="tests.test_physical_validation" name="test_compute_temporal_persistence_boundary" time="0.001" /><testcase classname="tests.test_physical_validation" name="test_compute_dihedral_change_no_mdtraj" time="0.001" /><testcase classname="tests.test_physical_validation" name="test_compute_dihedral_change_empty_frames" time="0.001" /><testcase classname="tests.test_physical_validation" name="test_summarize_group_differences_structure" time="0.611" /><testcase classname="tests.test_physical_validation" name="test_summarize_cohen_d_direction" time="0.003" /><testcase classname="tests.test_physical_validation" name="test_summarize_missing_metric" time="0.002" /><testcase classname="tests.test_physical_validation" name="test_summarize_mannwhitney_present" time="0.002" /><testcase classname="tests.test_physical_validation" name="test_merge_metrics_group_flags" time="0.004" /><testcase classname="tests.test_physical_validation" name="test_merge_metrics_expected_columns" time="0.003" /><testcase classname="tests.test_physical_validation" name="test_save_outputs_creates_files" time="0.003" /><testcase classname="tests.test_physical_validation" name="test_save_outputs_csv_integrity" time="0.003" /><testcase classname="tests.test_physical_validation" name="test_save_outputs_json_config" time="0.003" /><testcase classname="tests.test_physical_validation" name="test_save_outputs_creates_directory" time="0.003" /><testcase classname="tests.test_physical_validation" name="test_print_summary_no_crash" time="0.001" /><testcase classname="tests.test_physical_validation" name="test_cli_help" time="0.313" /></testsuite></testsuites>